<?xml version="1.0" encoding="UTF-8"?>
<beans xmlns="http://www.springframework.org/schema/beans"
       xmlns:xsi="http://www.w3.org/2001/XMLSchema-instance"
       xmlns:bauble="http://www.yunzhitan.top/baublerpc"
       xmlns:context="http://www.springframework.org/schema/context"
       xsi:schemaLocation="http://www.springframework.org/schema/beans http://www.springframework.org/schema/beans/spring-beans.xsd
       http://www.springframework.org/schema/context
       http://www.springframework.org/schema/context/spring-context.xsd
       http://www.yunzhitan.top/baublerpc
       http://www.yunzhitan.top/baublerpc/baublerpc.xsd"
>

    <context:property-placeholder location="rpc.properties" />
    <context:component-scan base-package="com.yunzhitan.service" />
    <bauble:service id="personServiceimpl"
            interfaceName="com.yunzhitan.service.PersonService" ref="personService" />
    <bauble:registry serverAddress="127.0.0.1:18866" protocol="protostuff" registryAddress="127.0.0.1:2181"/>

    <bean id="personService" class="com.yunzhitan.service.impl.PersonServiceImpl" />
    <bean id="serviceRegistry" class="com.yunzhitan.registry.ServiceRegistry">
        <constructor-arg  value="127.0.0.1:2181"/>
    </bean>

</beans>